#
# There is insufficient memory for the Java Runtime Environment to continue.
# Native memory allocation (mmap) failed to map 266338304 bytes for G1 virtual space
# Possible reasons:
#   The system is out of physical RAM or swap space
#   The process is running with CompressedOops enabled, and the Java Heap may be blocking the growth of the native heap
# Possible solutions:
#   Reduce memory load on the system
#   Increase physical memory or swap space
#   Check if swap backing store is full
#   Decrease Java heap size (-Xmx/-Xms)
#   Decrease number of Java threads
#   Decrease Java thread stack sizes (-Xss)
#   Set larger code cache with -XX:ReservedCodeCacheSize=
#   JVM is running with Zero Based Compressed Oops mode in which the Java heap is
#     placed in the first 32GB address space. The Java Heap base address is the
#     maximum limit for the native heap growth. Please use -XX:HeapBaseMinAddress
#     to set the Java Heap base and to place the Java Heap above 32GB virtual address.
# This output file may be truncated or incomplete.
#
#  Out of Memory Error (os_windows.cpp:3825), pid=23312, tid=13440
#
# JRE version:  (17.0.9+7) (build )
# Java VM: OpenJDK 64-Bit Server VM (17.0.9+7-b1087.7, mixed mode, sharing, tiered, compressed oops, compressed class ptrs, g1 gc, windows-amd64)
# No core dump will be written. Minidumps are not enabled by default on client versions of Windows
#

---------------  S U M M A R Y ------------

Command Line: git4idea.http.GitAskPassApp Username for 'https://github.com': 

Host: 11th Gen Intel(R) Core(TM) i5-1135G7 @ 2.40GHz, 8 cores, 15G,  Windows 11 , 64 bit Build 22621 (10.0.22621.4391)
Time: Tue Nov 26 18:08:14 2024 India Standard Time elapsed time: 0.010304 seconds (0d 0h 0m 0s)

---------------  T H R E A D  ---------------

Current thread (0x0000017ec84de8f0):  JavaThread "Unknown thread" [_thread_in_vm, id=13440, stack(0x0000000100600000,0x0000000100700000)]

Stack: [0x0000000100600000,0x0000000100700000]
Native frames: (J=compiled Java code, j=interpreted, Vv=VM code, C=native code)
V  [jvm.dll+0x6886e9]
V  [jvm.dll+0x841e4a]
V  [jvm.dll+0x843a8e]
V  [jvm.dll+0x8440f3]
V  [jvm.dll+0x24c14f]
V  [jvm.dll+0x685499]
V  [jvm.dll+0x679c2a]
V  [jvm.dll+0x30cf9b]
V  [jvm.dll+0x314446]
V  [jvm.dll+0x36425e]
V  [jvm.dll+0x36448f]
V  [jvm.dll+0x2e2d68]
V  [jvm.dll+0x2e3cd4]
V  [jvm.dll+0x8129f1]
V  [jvm.dll+0x3720c1]
V  [jvm.dll+0x7f152c]
V  [jvm.dll+0x3f5d4f]
V  [jvm.dll+0x3f7981]
C  [jli.dll+0x528f]
C  [ucrtbase.dll+0x29333]
C  [KERNEL32.DLL+0x1259d]
C  [ntdll.dll+0x5af38]


---------------  P R O C E S S  ---------------

Threads class SMR info:
_java_thread_list=0x00007ffe8b37ef18, length=0, elements={
}

Java Threads: ( => current thread )

Other Threads:
  0x0000017ec854a210 GCTaskThread "GC Thread#0" [stack: 0x0000000100700000,0x0000000100800000] [id=27968]
  0x0000017ec855adf0 ConcurrentGCThread "G1 Main Marker" [stack: 0x0000000100800000,0x0000000100900000] [id=7436]
  0x0000017ec855c820 ConcurrentGCThread "G1 Conc#0" [stack: 0x0000000100900000,0x0000000100a00000] [id=25616]

[error occurred during error reporting (printing all threads), id 0xc0000005, EXCEPTION_ACCESS_VIOLATION (0xc0000005) at pc=0x00007ffe8ab33937]

VM state: not at safepoint (not fully initialized)

VM Mutex/Monitor currently owned by a thread:  ([mutex/lock_event])
[0x0000017ec84d9160] Heap_lock - owner thread: 0x0000017ec84de8f0

Heap address: 0x0000000703600000, size: 4042 MB, Compressed Oops mode: Zero based, Oop shift amount: 3

CDS archive(s) mapped at: [0x0000000000000000-0x0000000000000000-0x0000000000000000), size 0, SharedBaseAddress: 0x0000000800000000, ArchiveRelocationMode: 1.
Narrow klass base: 0x0000000000000000, Narrow klass shift: 0, Narrow klass range: 0x0

GC Precious Log:
<Empty>

Heap:
 garbage-first heap   total 0K, used 0K [0x0000000703600000, 0x0000000800000000)
  region size 2048K, 0 young (0K), 0 survivors (0K)
 Metaspace       used 0K, committed 0K, reserved 0K
  class space    used 0K, committed 0K, reserved 0K

Heap Regions: E=young(eden), S=young(survivor), O=old, HS=humongous(starts), HC=humongous(continues), CS=collection set, F=free, OA=open archive, CA=closed archive, TAMS=top-at-mark-start (previous, next)

Card table byte_map: [0x0000017edb770000,0x0000017edbf60000] _byte_map_base: 0x0000017ed7f55000

Marking Bits (Prev, Next): (CMBitMap*) 0x0000017ec854a830, (CMBitMap*) 0x0000017ec854a870
 Prev Bits: [0x0000017edc750000, 0x0000017ee0678000)
 Next Bits: [0x0000017ee0680000, 0x0000017ee45a8000)

GC Heap History (0 events):
No events

Dll operation events (1 events):
Event: 0.007 Loaded shared library C:\Program Files\JetBrains\IntelliJ IDEA Community Edition 2023.3.1\jbr\bin\java.dll

Deoptimization events (0 events):
No events

Classes unloaded (0 events):
No events

Classes redefined (0 events):
No events

Internal exceptions (0 events):
No events

VM Operations (0 events):
No events

Events (0 events):
No events


Dynamic libraries:
0x00007ff68a160000 - 0x00007ff68a16a000 	C:\Program Files\JetBrains\IntelliJ IDEA Community Edition 2023.3.1\jbr\bin\java.exe
0x00007fff3d890000 - 0x00007fff3daa7000 	C:\WINDOWS\SYSTEM32\ntdll.dll
0x00007fff3bc10000 - 0x00007fff3bcd4000 	C:\WINDOWS\System32\KERNEL32.DLL
0x00007fff3ac00000 - 0x00007fff3afb9000 	C:\WINDOWS\System32\KERNELBASE.dll
0x00007fff3b270000 - 0x00007fff3b381000 	C:\WINDOWS\System32\ucrtbase.dll
0x00007fff0d680000 - 0x00007fff0d69b000 	C:\Program Files\JetBrains\IntelliJ IDEA Community Edition 2023.3.1\jbr\bin\VCRUNTIME140.dll
0x00007fff300d0000 - 0x00007fff300e7000 	C:\Program Files\JetBrains\IntelliJ IDEA Community Edition 2023.3.1\jbr\bin\jli.dll
0x00007fff3c410000 - 0x00007fff3c5be000 	C:\WINDOWS\System32\USER32.dll
0x00007fff160d0000 - 0x00007fff16362000 	C:\WINDOWS\WinSxS\amd64_microsoft.windows.common-controls_6595b64144ccf1df_6.0.22621.4391_none_2715d37f73803e96\COMCTL32.dll
0x00007fff3b390000 - 0x00007fff3b3b6000 	C:\WINDOWS\System32\win32u.dll
0x00007fff3c7b0000 - 0x00007fff3c7d9000 	C:\WINDOWS\System32\GDI32.dll
0x00007fff3c700000 - 0x00007fff3c7a7000 	C:\WINDOWS\System32\msvcrt.dll
0x00007fff3b3c0000 - 0x00007fff3b4db000 	C:\WINDOWS\System32\gdi32full.dll
0x00007fff3b4e0000 - 0x00007fff3b57a000 	C:\WINDOWS\System32\msvcp_win.dll
0x00007fff3bb40000 - 0x00007fff3bb71000 	C:\WINDOWS\System32\IMM32.DLL
0x00007fff1e930000 - 0x00007fff1e93c000 	C:\Program Files\JetBrains\IntelliJ IDEA Community Edition 2023.3.1\jbr\bin\vcruntime140_1.dll
0x00007ffeb85f0000 - 0x00007ffeb867d000 	C:\Program Files\JetBrains\IntelliJ IDEA Community Edition 2023.3.1\jbr\bin\msvcp140.dll
0x00007ffe8a840000 - 0x00007ffe8b4c3000 	C:\Program Files\JetBrains\IntelliJ IDEA Community Edition 2023.3.1\jbr\bin\server\jvm.dll
0x00007fff3ba00000 - 0x00007fff3bab2000 	C:\WINDOWS\System32\ADVAPI32.dll
0x00007fff3bfc0000 - 0x00007fff3c067000 	C:\WINDOWS\System32\sechost.dll
0x00007fff3b580000 - 0x00007fff3b5a8000 	C:\WINDOWS\System32\bcrypt.dll
0x00007fff3c5c0000 - 0x00007fff3c6d4000 	C:\WINDOWS\System32\RPCRT4.dll
0x00007fff399f0000 - 0x00007fff39a3d000 	C:\WINDOWS\SYSTEM32\POWRPROF.dll
0x00007fff35340000 - 0x00007fff35374000 	C:\WINDOWS\SYSTEM32\WINMM.dll
0x00007fff35db0000 - 0x00007fff35dba000 	C:\WINDOWS\SYSTEM32\VERSION.dll
0x00007fff340f0000 - 0x00007fff340f9000 	C:\WINDOWS\SYSTEM32\WSOCK32.dll
0x00007fff3bb90000 - 0x00007fff3bc01000 	C:\WINDOWS\System32\WS2_32.dll
0x00007fff399c0000 - 0x00007fff399d3000 	C:\WINDOWS\SYSTEM32\UMPDC.dll
0x00007fff39c90000 - 0x00007fff39ca8000 	C:\WINDOWS\SYSTEM32\kernel.appcore.dll
0x00007fff36200000 - 0x00007fff3620a000 	C:\Program Files\JetBrains\IntelliJ IDEA Community Edition 2023.3.1\jbr\bin\jimage.dll
0x00007fff38300000 - 0x00007fff38532000 	C:\WINDOWS\SYSTEM32\DBGHELP.DLL
0x00007fff3c070000 - 0x00007fff3c3ff000 	C:\WINDOWS\System32\combase.dll
0x00007fff3bce0000 - 0x00007fff3bdb7000 	C:\WINDOWS\System32\OLEAUT32.dll
0x00007fff31ae0000 - 0x00007fff31b12000 	C:\WINDOWS\SYSTEM32\dbgcore.DLL
0x00007fff3afc0000 - 0x00007fff3b03b000 	C:\WINDOWS\System32\bcryptPrimitives.dll
0x00007fff30b60000 - 0x00007fff30b85000 	C:\Program Files\JetBrains\IntelliJ IDEA Community Edition 2023.3.1\jbr\bin\java.dll

dbghelp: loaded successfully - version: 4.0.5 - missing functions: none
symbol engine: initialized successfully - sym options: 0x614 - pdb path: .;C:\Program Files\JetBrains\IntelliJ IDEA Community Edition 2023.3.1\jbr\bin;C:\WINDOWS\SYSTEM32;C:\WINDOWS\WinSxS\amd64_microsoft.windows.common-controls_6595b64144ccf1df_6.0.22621.4391_none_2715d37f73803e96;C:\Program Files\JetBrains\IntelliJ IDEA Community Edition 2023.3.1\jbr\bin\server

VM Arguments:
java_command: git4idea.http.GitAskPassApp Username for 'https://github.com': 
java_class_path (initial): C:/Program Files/JetBrains/IntelliJ IDEA Community Edition 2023.3.1/plugins/vcs-git/lib/git4idea-rt.jar;C:/Program Files/JetBrains/IntelliJ IDEA Community Edition 2023.3.1/lib/externalProcess-rt.jar
Launcher Type: SUN_STANDARD

[Global flags]
     intx CICompilerCount                          = 4                                         {product} {ergonomic}
     uint ConcGCThreads                            = 2                                         {product} {ergonomic}
     uint G1ConcRefinementThreads                  = 8                                         {product} {ergonomic}
   size_t G1HeapRegionSize                         = 2097152                                   {product} {ergonomic}
    uintx GCDrainStackTargetSize                   = 64                                        {product} {ergonomic}
   size_t InitialHeapSize                          = 266338304                                 {product} {ergonomic}
   size_t MarkStackSize                            = 4194304                                   {product} {ergonomic}
   size_t MaxHeapSize                              = 4238344192                                {product} {ergonomic}
   size_t MinHeapDeltaBytes                        = 2097152                                   {product} {ergonomic}
   size_t MinHeapSize                              = 8388608                                   {product} {ergonomic}
    uintx NonNMethodCodeHeapSize                   = 5839372                                {pd product} {ergonomic}
    uintx NonProfiledCodeHeapSize                  = 122909434                              {pd product} {ergonomic}
    uintx ProfiledCodeHeapSize                     = 122909434                              {pd product} {ergonomic}
    uintx ReservedCodeCacheSize                    = 251658240                              {pd product} {ergonomic}
     bool SegmentedCodeCache                       = true                                      {product} {ergonomic}
   size_t SoftMaxHeapSize                          = 4238344192                             {manageable} {ergonomic}
     bool UseCompressedClassPointers               = true                           {product lp64_product} {ergonomic}
     bool UseCompressedOops                        = true                           {product lp64_product} {ergonomic}
     bool UseG1GC                                  = true                                      {product} {ergonomic}
     bool UseLargePagesIndividualAllocation        = false                                  {pd product} {ergonomic}

Logging:
Log output configuration:
 #0: stdout all=warning uptime,level,tags
 #1: stderr all=off uptime,level,tags

Environment Variables:
JAVA_HOME=C:\Program Files\Java\jdk1.8.0_202\bin
PATH=C:\Users\Harshal Kadam\AppData\Local\Programs\Git\mingw64\libexec\git-core;C:\Users\Harshal Kadam\AppData\Local\Programs\Git\mingw64\libexec\git-core;C:\Users\Harshal Kadam\AppData\Local\Programs\Git\mingw64\bin;C:\Users\Harshal Kadam\AppData\Local\Programs\Git\usr\bin;C:\Users\Harshal Kadam\bin;C:\Program Files\Java\jdk-21\bin;C:\Program Files\Java\jdk1.8.0_202\bin;C:\Program Files\Common Files\Oracle\Java\javapath;C:\Program Files (x86)\Common Files\Oracle\Java\javapath;C:\WINDOWS\system32;C:\WINDOWS;C:\WINDOWS\System32\Wbem;C:\WINDOWS\System32\WindowsPowerShell\v1.0;C:\WINDOWS\System32\OpenSSH;C:\Program Files\Microsoft SQL Server\Client SDK\ODBC\110\Tools\Binn;C:\Program Files\Java\jdk1.8.0_202;C:\Program Files\Azure Data Studio\bin;C:\Program Files\TortoiseGit\bin;C:\Program Files\MongoDB\Server\3.4\bin;D:\biz\solr\bin;C:\Program Files\MongoDB\mongosh-2.3.0-win32-x64\bin;D:\biz\apache-activemq-5.7.0\bin;C:\Program Files\MySQL\MySQL Server 8.0\bin;C:\ProgramData\chocolatey\bin;C:\Program Files\Microsoft SQL Server\Client SDK\ODBC\170\Tools\Binn;C:\Program Files\MongoDB\Tools\100\bin;C:\Program Files\dotnet;C:\Program Files (x86)\Microsoft SQL Server\160\Tools\Binn;C:\Program Files\Microsoft SQL Server\160\Tools\Binn;C:\Program Files\Microsoft SQL Server\160\DTS\Binn;C:\Users\Harshal Kadam\AppData\Roaming\nvm;C:\Program Files\nodejs;C:\Program Files\Microsoft SQL Server\150\Tools\Binn;C:\Program Files (x86)\Windows Kits\10\Windows Performance Toolkit;C:\Users\Harshal Kadam\Downloads\flutter\bin;C:\Users\Harshal Kadam\AppData\Local\Microsoft\WindowsApps;C:\Users\Harshal Kadam\AppData\Local\Programs\Microsoft VS Code\bin;C:\Users\Harshal Kadam\AppData\Local\GitHubDesktop\bin;C:\Users\Harshal Kadam\AppData\Local\Programs\Git\cmd;C:\Program Files\JetBrains\PyCharm 2024.1.4\bin;C:\Program Files\JetBrains\PyCharm Community Edition 2024.1.4\bin;C:\Program Files\Java\jdk1.8.0_202;C:\Users\Harshal Kadam\.dotnet\tools;C:\Users\Harshal Kadam\AppData\Roaming\nvm;C:\Program
USERNAME=Harshal Kadam
DISPLAY=:0.0
LC_ALL=en_US.UTF-8
TERM=xterm-256color
TMPDIR=C:\Users\HARSHA~1\AppData\Local\Temp
OS=Windows_NT
PROCESSOR_IDENTIFIER=Intel64 Family 6 Model 140 Stepping 1, GenuineIntel
TMP=C:\Users\HARSHA~1\AppData\Local\Temp
TEMP=C:\Users\HARSHA~1\AppData\Local\Temp



Periodic native trim disabled

JNI global refs:
JNI global refs: 0, weak refs: 0

JNI global refs memory usage: 0, weak refs: 0

OOME stack traces (most recent first):
Classloader memory used:


---------------  S Y S T E M  ---------------

OS:
 Windows 11 , 64 bit Build 22621 (10.0.22621.4391)
OS uptime: 4 days 20:55 hours
Hyper-V role detected

CPU: total 8 (initial active 8) (4 cores per cpu, 2 threads per core) family 6 model 140 stepping 1 microcode 0x8a, cx8, cmov, fxsr, ht, mmx, 3dnowpref, sse, sse2, sse3, ssse3, sse4.1, sse4.2, popcnt, lzcnt, tsc, tscinvbit, avx, avx2, aes, erms, clmul, bmi1, bmi2, adx, avx512f, avx512dq, avx512cd, avx512bw, avx512vl, sha, fma, vzeroupper, avx512_vpopcntdq, avx512_vpclmulqdq, avx512_vaes, avx512_vnni, clflush, clflushopt, clwb, avx512_vbmi2, avx512_vbmi, hv
Processor Information for all 8 processors :
  Max Mhz: 2419, Current Mhz: 2419, Mhz Limit: 2419

Memory: 4k page, system-wide physical 16167M (1465M free)
TotalPageFile size 31433M (AvailPageFile size 245M)
current process WorkingSet (physical memory assigned to process): 11M, peak: 11M
current process commit charge ("private bytes"): 60M, peak: 314M

vm_info: OpenJDK 64-Bit Server VM (17.0.9+7-b1087.7) for windows-amd64 JRE (17.0.9+7-b1087.7), built on 2023-11-17 by "builduser" with MS VC++ 16.10 / 16.11 (VS2019)

END.
